<?xml version="1.0" encoding="UTF-8"?>
<!-- Generated by org.testng.reporters.JUnitReportReporter -->
<testsuite hostname="DESKTOP-KG7529Q" failures="0" tests="1" name="crudoperations.com.testng.TestngExample" time="4.034" errors="0" timestamp="2024-11-24T18:29:54 IST" skipped="0">
  <testcase classname="crudoperations.com.testng.TestngExample" name="postFunction" time="4.034"/>
</testsuite> <!-- crudoperations.com.testng.TestngExample -->
