<?xml version="1.0" encoding="UTF-8"?>
<!-- Generated by org.testng.reporters.JUnitReportReporter -->
<testsuite hostname="DESKTOP-KG7529Q" failures="0" tests="1" name="crudoperations.com.testng.TestngPostExample" time="5.661" errors="0" timestamp="2024-11-24T18:31:30 IST" skipped="0">
  <testcase classname="crudoperations.com.testng.TestngPostExample" name="postFunction" time="5.661"/>
</testsuite> <!-- crudoperations.com.testng.TestngPostExample -->
